<?xml version="1.0" encoding="UTF-8"?>
<robot generator="Robot 7.3.2 (Python 3.12.10 on win32)" generated="2025-08-28T16:40:50.832264" rpa="false" schemaversion="5">
<suite id="s1" name="Booking Tests" source="C:\Users\Julliely\Desktop\restful-booker-tests\tests\booking_tests.robot">
<test id="s1-t1" name="Criar Token de Autenticação" line="5">
<kw name="Iniciar Sessao" owner="keywords">
<kw name="Create Session" owner="RequestsLibrary">
<msg time="2025-08-28T16:40:51.206266" level="INFO">Creating Session using : alias=restful, url=https://restful-booker.herokuapp.com, headers={},                     cookies={}, auth=None, timeout=None, proxies=None, verify=False,                     debug=0 </msg>
<arg>restful</arg>
<arg>${BASE_URL}</arg>
<arg>verify=${False}</arg>
<doc>Create Session: create a HTTP session to a server</doc>
<status status="PASS" start="2025-08-28T16:40:51.205274" elapsed="0.000992"/>
</kw>
<status status="PASS" start="2025-08-28T16:40:51.205274" elapsed="0.000992"/>
</kw>
<kw name="Gerar Token" owner="keywords">
<kw name="Create Dictionary" owner="BuiltIn">
<msg time="2025-08-28T16:40:51.207275" level="INFO">${body} = {'username': 'admin', 'password': 'password123'}</msg>
<var>${body}</var>
<arg>username=${USERNAME}</arg>
<arg>password=${PASSWORD}</arg>
<doc>Creates and returns a dictionary based on the given ``items``.</doc>
<status status="PASS" start="2025-08-28T16:40:51.206266" elapsed="0.001009"/>
</kw>
<kw name="POST On Session" owner="RequestsLibrary">
<msg time="2025-08-28T16:40:51.908104" level="INFO">POST Request : url=https://restful-booker.herokuapp.com/auth 
 path_url=/auth 
 headers={'User-Agent': 'python-requests/2.32.3', 'Accept-Encoding': 'gzip, deflate', 'Accept': '*/*', 'Connection': 'keep-alive', 'Content-Length': '48', 'Content-Type': 'application/json'} 
 body=b'{"username": "admin", "password": "password123"}' 
 </msg>
<msg time="2025-08-28T16:40:51.908104" level="INFO">POST Response : url=https://restful-booker.herokuapp.com/auth 
 status=200, reason=OK 
 headers={'Content-Length': '27', 'Content-Type': 'application/json; charset=utf-8', 'Date': 'Thu, 28 Aug 2025 19:40:52 GMT', 'Etag': 'W/"1b-Gdv97HYHUaCbaDSI0JYkueb/Ws0"', 'Nel': '{"report_to":"heroku-nel","response_headers":["Via"],"max_age":3600,"success_fraction":0.01,"failure_fraction":0.1}', 'Report-To': '{"group":"heroku-nel","endpoints":[{"url":"https://nel.heroku.com/reports?s=ERWm4DzMfod6909j9PUtrOjsyvV7x8yjilMLoY9JiDc%3D\\u0026sid=c46efe9b-d3d2-4a0c-8c76-bfafa16c5add\\u0026ts=1756410052"}],"max_age":3600}', 'Reporting-Endpoints': 'heroku-nel="https://nel.heroku.com/reports?s=ERWm4DzMfod6909j9PUtrOjsyvV7x8yjilMLoY9JiDc%3D&amp;sid=c46efe9b-d3d2-4a0c-8c76-bfafa16c5add&amp;ts=1756410052"', 'Server': 'Heroku', 'Via': '1.1 heroku-router', 'X-Powered-By': 'Express'} 
 body={"token":"2554bb9aa1c5034"} 
 </msg>
<msg time="2025-08-28T16:40:51.908104" level="INFO">C:\Users\Julliely\AppData\Local\Programs\Python\Python312\Lib\site-packages\urllib3\connectionpool.py:1097: InsecureRequestWarning: Unverified HTTPS request is being made to host 'restful-booker.herokuapp.com'. Adding certificate verification is strongly advised. See: https://urllib3.readthedocs.io/en/latest/advanced-usage.html#tls-warnings
  warnings.warn(</msg>
<msg time="2025-08-28T16:40:51.909099" level="INFO">${response} = &lt;Response [200]&gt;</msg>
<var>${response}</var>
<arg>restful</arg>
<arg>/auth</arg>
<arg>json=${body}</arg>
<doc>Sends a POST request on a previously created HTTP Session.</doc>
<status status="PASS" start="2025-08-28T16:40:51.207275" elapsed="0.701824"/>
</kw>
<kw name="Should Be Equal As Strings" owner="BuiltIn">
<msg time="2025-08-28T16:40:51.909099" level="INFO">Argument types are:
&lt;class 'int'&gt;
&lt;class 'str'&gt;</msg>
<arg>${response.status_code}</arg>
<arg>200</arg>
<doc>Fails if objects are unequal after converting them to strings.</doc>
<status status="PASS" start="2025-08-28T16:40:51.909099" elapsed="0.000000"/>
</kw>
<kw name="Set Variable" owner="BuiltIn">
<msg time="2025-08-28T16:40:51.910107" level="INFO">${token} = 2554bb9aa1c5034</msg>
<var>${token}</var>
<arg>${response.json()}[token]</arg>
<doc>Returns the given values which can then be assigned to a variables.</doc>
<status status="PASS" start="2025-08-28T16:40:51.909099" elapsed="0.001008"/>
</kw>
<kw name="Set Suite Variable" owner="BuiltIn">
<msg time="2025-08-28T16:40:51.910107" level="INFO">${TOKEN} = 2554bb9aa1c5034</msg>
<arg>${TOKEN}</arg>
<arg>${token}</arg>
<doc>Makes a variable available everywhere within the scope of the current suite.</doc>
<status status="PASS" start="2025-08-28T16:40:51.910107" elapsed="0.000000"/>
</kw>
<status status="PASS" start="2025-08-28T16:40:51.206266" elapsed="0.703841"/>
</kw>
<status status="PASS" start="2025-08-28T16:40:51.204270" elapsed="0.705837"/>
</test>
<test id="s1-t2" name="Listar Reservas (GET)" line="9">
<kw name="Listar Reservas" owner="keywords">
<kw name="GET On Session" owner="RequestsLibrary">
<msg time="2025-08-28T16:40:52.357806" level="INFO">GET Request : url=https://restful-booker.herokuapp.com/booking 
 path_url=/booking 
 headers={'User-Agent': 'python-requests/2.32.3', 'Accept-Encoding': 'gzip, deflate', 'Accept': '*/*', 'Connection': 'keep-alive'} 
 body=None 
 </msg>
<msg time="2025-08-28T16:40:52.357806" level="INFO">GET Response : url=https://restful-booker.herokuapp.com/booking 
 status=200, reason=OK 
 headers={'Content-Length': '66011', 'Content-Type': 'application/json; charset=utf-8', 'Date': 'Thu, 28 Aug 2025 19:40:52 GMT', 'Etag': 'W/"101db-tZGixaacnIrCuN03yyxvhsMzxNY"', 'Nel': '{"report_to":"heroku-nel","response_headers":["Via"],"max_age":3600,"success_fraction":0.01,"failure_fraction":0.1}', 'Report-To': '{"group":"heroku-nel","endpoints":[{"url":"https://nel.heroku.com/reports?s=ERWm4DzMfod6909j9PUtrOjsyvV7x8yjilMLoY9JiDc%3D\\u0026sid=c46efe9b-d3d2-4a0c-8c76-bfafa16c5add\\u0026ts=1756410052"}],"max_age":3600}', 'Reporting-Endpoints': 'heroku-nel="https://nel.heroku.com/reports?s=ERWm4DzMfod6909j9PUtrOjsyvV7x8yjilMLoY9JiDc%3D&amp;sid=c46efe9b-d3d2-4a0c-8c76-bfafa16c5add&amp;ts=1756410052"', 'Server': 'Heroku', 'Via': '1.1 heroku-router', 'X-Powered-By': 'Express'} 
 body=[{"bookingid":2150},{"bookingid":4984},{"bookingid":57},{"bookingid":217},{"bookingid":2},{"bookingid":705},{"bookingid":286},{"bookingid":4749},{"bookingid":2365},{"bookingid":1612},{"bookingid":2702},{"bookingid":760},{"bookingid":2784},{"bookingid":2224},{"bookingid":505},{"bookingid":1116},{"bookingid":2020},{"bookingid":2121},{"bookingid":4110},{"bookingid":4164},{"bookingid":1505},{"bookingid":2424},{"bookingid":4528},{"bookingid":516},{"bookingid":1842},{"bookingid":880},{"bookingid":1734},{"bookingid":706},{"bookingid":1182},{"bookingid":1206},{"bookingid":371},{"bookingid":5021},{"bookingid":4232},{"bookingid":2543},{"bookingid":1676},{"bookingid":2117},{"bookingid":905},{"bookingid":2830},{"bookingid":894},{"bookingid":1337},{"bookingid":1186},{"bookingid":1608},{"bookingid":4000},{"bookingid":3649},{"bookingid":3693},{"bookingid":2646},{"bookingid":2545},{"bookingid":4751},{"bookingid":4633},{"bookingid":4123},{"bookingid":4414},{"bookingid":535},{"bookingid":4041},{"bookingid":5126},{"bookingid":199},{"bookingid":814},{"bookingid":3447},{"bookingid":1798},{"bookingid":1279},{"bookingid":1946},{"bookingid":1277},{"bookingid":4433},{"bookingid":1173},{"bookingid":2741},{"bookingid":3475},{"bookingid":3263},{"bookingid":4260},{"bookingid":889},{"bookingid":4547},{"bookingid":4979},{"bookingid":2695},{"bookingid":2584},{"bookingid":611},{"bookingid":2629},{"bookingid":1104},{"bookingid":4807},{"bookingid":1602},{"bookingid":2595},{"bookingid":2866},{"bookingid":1869},{"bookingid":2797},{"bookingid":4252},{"bookingid":3932},{"bookingid":1838},{"bookingid":1294},{"bookingid":4181},{"bookingid":151},{"bookingid":5014},{"bookingid":3088},{"bookingid":3526},{"bookingid":2005},{"bookingid":4292},{"bookingid":2266},{"bookingid":2345},{"bookingid":602},{"bookingid":1091},{"bookingid":2310},{"bookingid":3440},{"bookingid":2994},{"bookingid":1402},{"bookingid":2585},{"bookingid":3956},{"bookingid":577},{"bookingid":553},{"bookingid":2978},{"bookingid":942},{"bookingid":757},{"bookingid":1866},{"bookingid":2536},{"bookingid":2239},{"bookingid":2889},{"bookingid":4776},{"bookingid":3355},{"bookingid":624},{"bookingid":750},{"bookingid":4813},{"bookingid":992},{"bookingid":5115},{"bookingid":1205},{"bookingid":410},{"bookingid":773},{"bookingid":4632},{"bookingid":5109},{"bookingid":740},{"bookingid":543},{"bookingid":804},{"bookingid":11},{"bookingid":4722},{"bookingid":1555},{"bookingid":1195},{"bookingid":646},{"bookingid":3473},{"bookingid":2050},{"bookingid":3063},{"bookingid":2616},{"bookingid":4145},{"bookingid":4863},{"bookingid":2783},{"bookingid":3460},{"bookingid":4978},{"bookingid":378},{"bookingid":4262},{"bookingid":1083},{"bookingid":4172},{"bookingid":3768},{"bookingid":667},{"bookingid":2058},{"bookingid":1076},{"bookingid":115},{"bookingid":3545},{"bookingid":3292},{"bookingid":4467},{"bookingid":2925},{"bookingid":147},{"bookingid":4295},{"bookingid":1384},{"bookingid":3285},{"bookingid":2791},{"bookingid":4144},{"bookingid":4662},{"bookingid":3916},{"bookingid":1511},{"bookingid":363},{"bookingid":2687},{"bookingid":2857},{"bookingid":747},{"bookingid":1596},{"bookingid":488},{"bookingid":336},{"bookingid":2546},{"bookingid":65},{"bookingid":5020},{"bookingid":1401},{"bookingid":3974},{"bookingid":2078},{"bookingid":3599},{"bookingid":329},{"bookingid":3163},{"bookingid":5035},{"bookingid":4366},{"bookingid":2334},{"bookingid":2185},{"bookingid":2361},{"bookingid":2456},{"bookingid":4775},{"bookingid":4015},{"bookingid":1351},{"bookingid":3928},{"bookingid":1057},{"bookingid":4957},{"bookingid":325},{"bookingid":711},{"bookingid":3586},{"bookingid":4136},{"bookingid":2531},{"bookingid":5026},{"bookingid":4351},{"bookingid":4117},{"bookingid":1860},{"bookingid":3699},{"bookingid":3244},{"bookingid":3886},{"bookingid":2730},{"bookingid":2187},{"bookingid":963},{"bookingid":4845},{"bookingid":1283},{"bookingid":1533},{"bookingid":1742},{"bookingid":3533},{"bookingid":5106},{"bookingid":2880},{"bookingid":4259},{"bookingid":3720},{"bookingid":4257},{"bookingid":2908},{"bookingid":1964},{"bookingid":1754},{"bookingid":4216},{"bookingid":414},{"bookingid":2593},{"bookingid":1129},{"bookingid":74},{"bookingid":3400},{"bookingid":2454},{"bookingid":3622},{"bookingid":2560},{"bookingid":3052},{"bookingid":3325},{"bookingid":1299},{"bookingid":3884},{"bookingid":4708},{"bookingid":4921},{"bookingid":952},{"bookingid":1966},{"bookingid":2542},{"bookingid":181},{"bookingid":4994},{"bookingid":3211},{"bookingid":4550},{"bookingid":58},{"bookingid":1209},{"bookingid":5077},{"bookingid":3307},{"bookingid":214},{"bookingid":3132},{"bookingid":732},{"bookingid":2049},{"bookingid":661},{"bookingid":2660},{"bookingid":1537},{"bookingid":4617},{"bookingid":4344},{"bookingid":1614},{"bookingid":3752},{"bookingid":606},{"bookingid":1454},{"bookingid":4384},{"bookingid":435},{"bookingid":4838},{"bookingid":4592},{"bookingid":3110},{"bookingid":4796},{"bookingid":344},{"bookingid":4120},{"bookingid":203},{"bookingid":97},{"bookingid":4744},{"bookingid":229},{"bookingid":4374},{"bookingid":2839},{"bookingid":2919},{"bookingid":2811},{"bookingid":2352},{"bookingid":3519},{"bookingid":915},{"bookingid":3872},{"bookingid":5006},{"bookingid":1169},{"bookingid":2226},{"bookingid":5060},{"bookingid":4302},{"bookingid":1639},{"bookingid":1733},{"bookingid":4003},{"bookingid":4798},{"bookingid":3628},{"bookingid":2647},{"bookingid":2090},{"bookingid":1920},{"bookingid":281},{"bookingid":4996},{"bookingid":4137},{"bookingid":2402},{"bookingid":3536},{"bookingid":2871},{"bookingid":1417},{"bookingid":4380},{"bookingid":4907},{"bookingid":1718},{"bookingid":833},{"bookingid":2118},{"bookingid":733},{"bookingid":3061},{"bookingid":3186},{"bookingid":2557},{"bookingid":2276},{"bookingid":1343},{"bookingid":3056},{"bookingid":27},{"bookingid":4549},{"bookingid":2639},{"bookingid":2346},{"bookingid":2188},{"bookingid":2509},{"bookingid":580},{"bookingid":171},{"bookingid":806},{"bookingid":541},{"bookingid":1216},{"bookingid":1264},{"bookingid":2087},{"bookingid":4681},{"bookingid":4965},{"bookingid":29},{"bookingid":4025},{"bookingid":1202},{"bookingid":1102},{"bookingid":852},{"bookingid":192},{"bookingid":2717},{"bookingid":4322},{"bookingid":2321},{"bookingid":2918},{"bookingid":4548},{"bookingid":106},{"bookingid":2888},{"bookingid":2275},{"bookingid":2194},{"bookingid":3458},{"bookingid":3581},{"bookingid":1646},{"bookingid":2736},{"bookingid":2074},{"bookingid":2905},{"bookingid":4018},{"bookingid":3567},{"bookingid":1884},{"bookingid":1992},{"bookingid":1613},{"bookingid":2663},{"bookingid":4326},{"bookingid":4098},{"bookingid":4672},{"bookingid":2896},{"bookingid":4936},{"bookingid":290},{"bookingid":4313},{"bookingid":4471},{"bookingid":69},{"bookingid":4926},{"bookingid":2485},{"bookingid":3591},{"bookingid":754},{"bookingid":3615},{"bookingid":2635},{"bookingid":4300},{"bookingid":3503},{"bookingid":2204},{"bookingid":2244},{"bookingid":2388},{"bookingid":4413},{"bookingid":4346},{"bookingid":476},{"bookingid":923},{"bookingid":1030},{"bookingid":2313},{"bookingid":3128},{"bookingid":4729},{"bookingid":745},{"bookingid":2076},{"bookingid":3341},{"bookingid":322},{"bookingid":1892},{"bookingid":437},{"bookingid":1386},{"bookingid":463},{"bookingid":1144},{"bookingid":966},{"bookingid":3312},{"bookingid":4516},{"bookingid":1683},{"bookingid":1893},{"bookingid":3195},{"bookingid":362},{"bookingid":4342},{"bookingid":4603},{"bookingid":3723},{"bookingid":5105},{"bookingid":3176},{"bookingid":1688},{"bookingid":3626},{"bookingid":1864},{"bookingid":1663},{"bookingid":3269},{"bookingid":4301},{"bookingid":690},{"bookingid":3660},{"bookingid":1626},{"bookingid":4364},{"bookingid":1271},{"bookingid":3672},{"bookingid":4642},{"bookingid":2688},{"bookingid":3158},{"bookingid":398},{"bookingid":793},{"bookingid":3245},{"bookingid":4454},{"bookingid":4594},{"bookingid":981},{"bookingid":1366},{"bookingid":4663},{"bookingid":1145},{"bookingid":3969},{"bookingid":1778},{"bookingid":731},{"bookingid":2371},{"bookingid":2446},{"bookingid":4211},{"bookingid":4094},{"bookingid":4515},{"bookingid":2596},{"bookingid":4255},{"bookingid":1607},{"bookingid":4284},{"bookingid":1987},{"bookingid":2757},{"bookingid":4469},{"bookingid":3584},{"bookingid":3422},{"bookingid":4034},{"bookingid":4069},{"bookingid":2323},{"bookingid":3149},{"bookingid":4166},{"bookingid":4031},{"bookingid":4206},{"bookingid":1439},{"bookingid":3346},{"bookingid":3614},{"bookingid":3322},{"bookingid":3550},{"bookingid":1850},{"bookingid":2844},{"bookingid":162},{"bookingid":1324},{"bookingid":3706},{"bookingid":958},{"bookingid":1460},{"bookingid":3372},{"bookingid":4096},{"bookingid":1241},{"bookingid":967},{"bookingid":3143},{"bookingid":5030},{"bookingid":3642},{"bookingid":4527},{"bookingid":3512},{"bookingid":3908},{"bookingid":1575},{"bookingid":23},{"bookingid":4883},{"bookingid":3901},{"bookingid":1003},{"bookingid":1238},{"bookingid":3169},{"bookingid":1167},{"bookingid":4134},{"bookingid":599},{"bookingid":1931},{"bookingid":1336},{"bookingid":2697},{"bookingid":3053},{"bookingid":3452},{"bookingid":3046},{"bookingid":2425},{"bookingid":1197},{"bookingid":18},{"bookingid":3827},{"bookingid":3713},{"bookingid":4109},{"bookingid":5061},{"bookingid":197},{"bookingid":2653},{"bookingid":2011},{"bookingid":3199},{"bookingid":3820},{"bookingid":3631},{"bookingid":1619},{"bookingid":612},{"bookingid":4349},{"bookingid":3604},{"bookingid":4236},{"bookingid":159},{"bookingid":4648},{"bookingid":3621},{"bookingid":438},{"bookingid":3261},{"bookingid":784},{"bookingid":2341},{"bookingid":1},{"bookingid":4076},{"bookingid":4162},{"bookingid":1659},{"bookingid":2031},{"bookingid":478},{"bookingid":878},{"bookingid":1210},{"bookingid":3171},{"bookingid":798},{"bookingid":2209},{"bookingid":702},{"bookingid":537},{"bookingid":526},{"bookingid":1468},{"bookingid":1875},{"bookingid":3995},{"bookingid":2450},{"bookingid":1411},{"bookingid":2359},{"bookingid":1973},{"bookingid":3... (set the log level to DEBUG or TRACE to see the full content) 
 </msg>
<msg time="2025-08-28T16:40:52.357806" level="INFO">C:\Users\Julliely\AppData\Local\Programs\Python\Python312\Lib\site-packages\urllib3\connectionpool.py:1097: InsecureRequestWarning: Unverified HTTPS request is being made to host 'restful-booker.herokuapp.com'. Adding certificate verification is strongly advised. See: https://urllib3.readthedocs.io/en/latest/advanced-usage.html#tls-warnings
  warnings.warn(</msg>
<msg time="2025-08-28T16:40:52.358834" level="INFO">${response} = &lt;Response [200]&gt;</msg>
<var>${response}</var>
<arg>restful</arg>
<arg>/booking</arg>
<doc>Sends a GET request on a previously created HTTP Session.</doc>
<status status="PASS" start="2025-08-28T16:40:51.911104" elapsed="0.447730"/>
</kw>
<kw name="Should Be Equal As Strings" owner="BuiltIn">
<msg time="2025-08-28T16:40:52.358834" level="INFO">Argument types are:
&lt;class 'int'&gt;
&lt;class 'str'&gt;</msg>
<arg>${response.status_code}</arg>
<arg>200</arg>
<doc>Fails if objects are unequal after converting them to strings.</doc>
<status status="PASS" start="2025-08-28T16:40:52.358834" elapsed="0.000994"/>
</kw>
<status status="PASS" start="2025-08-28T16:40:51.911104" elapsed="0.448724"/>
</kw>
<status status="PASS" start="2025-08-28T16:40:51.911104" elapsed="0.448724"/>
</test>
<test id="s1-t3" name="Criar Nova Reserva (POST)" line="12">
<kw name="Criar Nova Reserva" owner="keywords">
<kw name="Create Dictionary" owner="BuiltIn">
<msg time="2025-08-28T16:40:52.362832" level="INFO">${bookingdates} = {'checkin': '2025-09-01', 'checkout': '2025-09-10'}</msg>
<var>${bookingdates}</var>
<arg>checkin=2025-09-01</arg>
<arg>checkout=2025-09-10</arg>
<doc>Creates and returns a dictionary based on the given ``items``.</doc>
<status status="PASS" start="2025-08-28T16:40:52.361828" elapsed="0.001004"/>
</kw>
<kw name="Create Dictionary" owner="BuiltIn">
<msg time="2025-08-28T16:40:52.362832" level="INFO">${body} = {'firstname': 'Joao', 'lastname': 'Silva', 'totalprice': '150', 'depositpaid': 'True', 'bookingdates': {'checkin': '2025-09-01', 'checkout': '2025-09-10'}, 'additionalneeds': 'Café da manhã'}</msg>
<var>${body}</var>
<arg>firstname=Joao</arg>
<arg>lastname=Silva</arg>
<arg>totalprice=150</arg>
<arg>depositpaid=True</arg>
<arg>bookingdates=${bookingdates}</arg>
<arg>additionalneeds=Café da manhã</arg>
<doc>Creates and returns a dictionary based on the given ``items``.</doc>
<status status="PASS" start="2025-08-28T16:40:52.362832" elapsed="0.000000"/>
</kw>
<kw name="POST On Session" owner="RequestsLibrary">
<msg time="2025-08-28T16:40:52.511240" level="INFO">POST Request : url=https://restful-booker.herokuapp.com/booking 
 path_url=/booking 
 headers={'User-Agent': 'python-requests/2.32.3', 'Accept-Encoding': 'gzip, deflate', 'Accept': '*/*', 'Connection': 'keep-alive', 'Content-Length': '201', 'Content-Type': 'application/json'} 
 body=b'{"firstname": "Joao", "lastname": "Silva", "totalprice": "150", "depositpaid": "True", "bookingdates": {"checkin": "2025-09-01", "checkout": "2025-09-10"}, "additionalneeds": "Caf\\u00e9 da manh\\u00e3"}' 
 </msg>
<msg time="2025-08-28T16:40:52.511240" level="INFO">POST Response : url=https://restful-booker.herokuapp.com/booking 
 status=200, reason=OK 
 headers={'Content-Length': '204', 'Content-Type': 'application/json; charset=utf-8', 'Date': 'Thu, 28 Aug 2025 19:40:52 GMT', 'Etag': 'W/"cc-HcZ8h+Lu45OeOQPRlBbgSPrZbdc"', 'Nel': '{"report_to":"heroku-nel","response_headers":["Via"],"max_age":3600,"success_fraction":0.01,"failure_fraction":0.1}', 'Report-To': '{"group":"heroku-nel","endpoints":[{"url":"https://nel.heroku.com/reports?s=ERWm4DzMfod6909j9PUtrOjsyvV7x8yjilMLoY9JiDc%3D\\u0026sid=c46efe9b-d3d2-4a0c-8c76-bfafa16c5add\\u0026ts=1756410052"}],"max_age":3600}', 'Reporting-Endpoints': 'heroku-nel="https://nel.heroku.com/reports?s=ERWm4DzMfod6909j9PUtrOjsyvV7x8yjilMLoY9JiDc%3D&amp;sid=c46efe9b-d3d2-4a0c-8c76-bfafa16c5add&amp;ts=1756410052"', 'Server': 'Heroku', 'Via': '1.1 heroku-router', 'X-Powered-By': 'Express'} 
 body={"bookingid":5136,"booking":{"firstname":"Joao","lastname":"Silva","totalprice":150,"depositpaid":true,"bookingdates":{"checkin":"2025-09-01","checkout":"2025-09-10"},"additionalneeds":"Café da manhã"}} 
 </msg>
<msg time="2025-08-28T16:40:52.512241" level="INFO">C:\Users\Julliely\AppData\Local\Programs\Python\Python312\Lib\site-packages\urllib3\connectionpool.py:1097: InsecureRequestWarning: Unverified HTTPS request is being made to host 'restful-booker.herokuapp.com'. Adding certificate verification is strongly advised. See: https://urllib3.readthedocs.io/en/latest/advanced-usage.html#tls-warnings
  warnings.warn(</msg>
<msg time="2025-08-28T16:40:52.512241" level="INFO">${response} = &lt;Response [200]&gt;</msg>
<var>${response}</var>
<arg>restful</arg>
<arg>/booking</arg>
<arg>json=${body}</arg>
<doc>Sends a POST request on a previously created HTTP Session.</doc>
<status status="PASS" start="2025-08-28T16:40:52.362832" elapsed="0.149409"/>
</kw>
<kw name="Should Be Equal As Strings" owner="BuiltIn">
<msg time="2025-08-28T16:40:52.513242" level="INFO">Argument types are:
&lt;class 'int'&gt;
&lt;class 'str'&gt;</msg>
<arg>${response.status_code}</arg>
<arg>200</arg>
<doc>Fails if objects are unequal after converting them to strings.</doc>
<status status="PASS" start="2025-08-28T16:40:52.512241" elapsed="0.001001"/>
</kw>
<kw name="Set Variable" owner="BuiltIn">
<msg time="2025-08-28T16:40:52.514244" level="INFO">${id} = 5136</msg>
<var>${id}</var>
<arg>${response.json()}[bookingid]</arg>
<doc>Returns the given values which can then be assigned to a variables.</doc>
<status status="PASS" start="2025-08-28T16:40:52.513242" elapsed="0.001002"/>
</kw>
<kw name="Set Suite Variable" owner="BuiltIn">
<msg time="2025-08-28T16:40:52.514244" level="INFO">${NEW_BOOKING_ID} = 5136</msg>
<arg>${NEW_BOOKING_ID}</arg>
<arg>${id}</arg>
<doc>Makes a variable available everywhere within the scope of the current suite.</doc>
<status status="PASS" start="2025-08-28T16:40:52.514244" elapsed="0.000000"/>
</kw>
<status status="PASS" start="2025-08-28T16:40:52.361828" elapsed="0.152416"/>
</kw>
<status status="PASS" start="2025-08-28T16:40:52.361828" elapsed="0.153413"/>
</test>
<test id="s1-t4" name="Atualizar Reserva (PUT com token)" line="15">
<kw name="Atualizar Reserva" owner="keywords">
<kw name="Create Dictionary" owner="BuiltIn">
<msg time="2025-08-28T16:40:52.516238" level="INFO">${headers} = {'Content-Type': 'application/json', 'Cookie': 'token=2554bb9aa1c5034'}</msg>
<var>${headers}</var>
<arg>Content-Type=application/json</arg>
<arg>Cookie=token=${TOKEN}</arg>
<doc>Creates and returns a dictionary based on the given ``items``.</doc>
<status status="PASS" start="2025-08-28T16:40:52.516238" elapsed="0.000000"/>
</kw>
<kw name="Create Dictionary" owner="BuiltIn">
<msg time="2025-08-28T16:40:52.516238" level="INFO">${bookingdates} = {'checkin': '2025-09-05', 'checkout': '2025-09-15'}</msg>
<var>${bookingdates}</var>
<arg>checkin=2025-09-05</arg>
<arg>checkout=2025-09-15</arg>
<doc>Creates and returns a dictionary based on the given ``items``.</doc>
<status status="PASS" start="2025-08-28T16:40:52.516238" elapsed="0.000000"/>
</kw>
<kw name="Create Dictionary" owner="BuiltIn">
<msg time="2025-08-28T16:40:52.516238" level="INFO">${body} = {'firstname': 'Maria', 'lastname': 'Souza', 'totalprice': '200', 'depositpaid': 'False', 'bookingdates': {'checkin': '2025-09-05', 'checkout': '2025-09-15'}, 'additionalneeds': 'Jantar'}</msg>
<var>${body}</var>
<arg>firstname=Maria</arg>
<arg>lastname=Souza</arg>
<arg>totalprice=200</arg>
<arg>depositpaid=False</arg>
<arg>bookingdates=${bookingdates}</arg>
<arg>additionalneeds=Jantar</arg>
<doc>Creates and returns a dictionary based on the given ``items``.</doc>
<status status="PASS" start="2025-08-28T16:40:52.516238" elapsed="0.000000"/>
</kw>
<kw name="PUT On Session" owner="RequestsLibrary">
<msg time="2025-08-28T16:40:52.668876" level="INFO">PUT Request : url=https://restful-booker.herokuapp.com/booking/5136 
 path_url=/booking/5136 
 headers={'User-Agent': 'python-requests/2.32.3', 'Accept-Encoding': 'gzip, deflate', 'Accept': '*/*', 'Connection': 'keep-alive', 'Content-Type': 'application/json', 'Cookie': 'token=2554bb9aa1c5034', 'Content-Length': '186'} 
 body=b'{"firstname": "Maria", "lastname": "Souza", "totalprice": "200", "depositpaid": "False", "bookingdates": {"checkin": "2025-09-05", "checkout": "2025-09-15"}, "additionalneeds": "Jantar"}' 
 </msg>
<msg time="2025-08-28T16:40:52.668876" level="INFO">PUT Response : url=https://restful-booker.herokuapp.com/booking/5136 
 status=200, reason=OK 
 headers={'Content-Length': '167', 'Content-Type': 'application/json; charset=utf-8', 'Date': 'Thu, 28 Aug 2025 19:40:53 GMT', 'Etag': 'W/"a7-xtvB7saSPlLerqTeSt9qsUNzLwI"', 'Nel': '{"report_to":"heroku-nel","response_headers":["Via"],"max_age":3600,"success_fraction":0.01,"failure_fraction":0.1}', 'Report-To': '{"group":"heroku-nel","endpoints":[{"url":"https://nel.heroku.com/reports?s=N%2F2q8SipH5z7csp8c2cdv2x1CnMDp8rbLD9SHZX6u2g%3D\\u0026sid=c46efe9b-d3d2-4a0c-8c76-bfafa16c5add\\u0026ts=1756410053"}],"max_age":3600}', 'Reporting-Endpoints': 'heroku-nel="https://nel.heroku.com/reports?s=N%2F2q8SipH5z7csp8c2cdv2x1CnMDp8rbLD9SHZX6u2g%3D&amp;sid=c46efe9b-d3d2-4a0c-8c76-bfafa16c5add&amp;ts=1756410053"', 'Server': 'Heroku', 'Via': '1.1 heroku-router', 'X-Powered-By': 'Express'} 
 body={"firstname":"Maria","lastname":"Souza","totalprice":200,"depositpaid":true,"bookingdates":{"checkin":"2025-09-05","checkout":"2025-09-15"},"additionalneeds":"Jantar"} 
 </msg>
<msg time="2025-08-28T16:40:52.668876" level="INFO">C:\Users\Julliely\AppData\Local\Programs\Python\Python312\Lib\site-packages\urllib3\connectionpool.py:1097: InsecureRequestWarning: Unverified HTTPS request is being made to host 'restful-booker.herokuapp.com'. Adding certificate verification is strongly advised. See: https://urllib3.readthedocs.io/en/latest/advanced-usage.html#tls-warnings
  warnings.warn(</msg>
<msg time="2025-08-28T16:40:52.668876" level="INFO">${response} = &lt;Response [200]&gt;</msg>
<var>${response}</var>
<arg>restful</arg>
<arg>/booking/${NEW_BOOKING_ID}</arg>
<arg>headers=${headers}</arg>
<arg>json=${body}</arg>
<doc>Sends a PUT request on a previously created HTTP Session.</doc>
<status status="PASS" start="2025-08-28T16:40:52.516238" elapsed="0.152638"/>
</kw>
<kw name="Should Be Equal As Strings" owner="BuiltIn">
<msg time="2025-08-28T16:40:52.669876" level="INFO">Argument types are:
&lt;class 'int'&gt;
&lt;class 'str'&gt;</msg>
<arg>${response.status_code}</arg>
<arg>200</arg>
<doc>Fails if objects are unequal after converting them to strings.</doc>
<status status="PASS" start="2025-08-28T16:40:52.668876" elapsed="0.001000"/>
</kw>
<status status="PASS" start="2025-08-28T16:40:52.515241" elapsed="0.154635"/>
</kw>
<status status="PASS" start="2025-08-28T16:40:52.515241" elapsed="0.154635"/>
</test>
<test id="s1-t5" name="Deletar Reserva (DELETE com token)" line="18">
<kw name="Deletar Reserva" owner="keywords">
<kw name="Create Dictionary" owner="BuiltIn">
<msg time="2025-08-28T16:40:52.671877" level="INFO">${headers} = {'Cookie': 'token=2554bb9aa1c5034'}</msg>
<var>${headers}</var>
<arg>Cookie=token=${TOKEN}</arg>
<doc>Creates and returns a dictionary based on the given ``items``.</doc>
<status status="PASS" start="2025-08-28T16:40:52.671877" elapsed="0.000000"/>
</kw>
<kw name="DELETE On Session" owner="RequestsLibrary">
<msg time="2025-08-28T16:40:52.828747" level="INFO">DELETE Request : url=https://restful-booker.herokuapp.com/booking/5136 
 path_url=/booking/5136 
 headers={'User-Agent': 'python-requests/2.32.3', 'Accept-Encoding': 'gzip, deflate', 'Accept': '*/*', 'Connection': 'keep-alive', 'Cookie': 'token=2554bb9aa1c5034', 'Content-Length': '0'} 
 body=None 
 </msg>
<msg time="2025-08-28T16:40:52.828747" level="INFO">DELETE Response : url=https://restful-booker.herokuapp.com/booking/5136 
 status=201, reason=Created 
 headers={'Content-Length': '7', 'Content-Type': 'text/plain; charset=utf-8', 'Date': 'Thu, 28 Aug 2025 19:40:53 GMT', 'Etag': 'W/"7-rM9AyJuqT6iOan/xHh+AW+7K/T8"', 'Nel': '{"report_to":"heroku-nel","response_headers":["Via"],"max_age":3600,"success_fraction":0.01,"failure_fraction":0.1}', 'Report-To': '{"group":"heroku-nel","endpoints":[{"url":"https://nel.heroku.com/reports?s=N%2F2q8SipH5z7csp8c2cdv2x1CnMDp8rbLD9SHZX6u2g%3D\\u0026sid=c46efe9b-d3d2-4a0c-8c76-bfafa16c5add\\u0026ts=1756410053"}],"max_age":3600}', 'Reporting-Endpoints': 'heroku-nel="https://nel.heroku.com/reports?s=N%2F2q8SipH5z7csp8c2cdv2x1CnMDp8rbLD9SHZX6u2g%3D&amp;sid=c46efe9b-d3d2-4a0c-8c76-bfafa16c5add&amp;ts=1756410053"', 'Server': 'Heroku', 'Via': '1.1 heroku-router', 'X-Powered-By': 'Express'} 
 body=Created 
 </msg>
<msg time="2025-08-28T16:40:52.828747" level="INFO">C:\Users\Julliely\AppData\Local\Programs\Python\Python312\Lib\site-packages\urllib3\connectionpool.py:1097: InsecureRequestWarning: Unverified HTTPS request is being made to host 'restful-booker.herokuapp.com'. Adding certificate verification is strongly advised. See: https://urllib3.readthedocs.io/en/latest/advanced-usage.html#tls-warnings
  warnings.warn(</msg>
<msg time="2025-08-28T16:40:52.829758" level="INFO">${response} = &lt;Response [201]&gt;</msg>
<var>${response}</var>
<arg>restful</arg>
<arg>/booking/${NEW_BOOKING_ID}</arg>
<arg>headers=${headers}</arg>
<doc>Sends a DELETE request on a previously created HTTP Session.</doc>
<status status="PASS" start="2025-08-28T16:40:52.671877" elapsed="0.157881"/>
</kw>
<kw name="Should Be Equal As Strings" owner="BuiltIn">
<msg time="2025-08-28T16:40:52.830758" level="INFO">Argument types are:
&lt;class 'int'&gt;
&lt;class 'str'&gt;</msg>
<arg>${response.status_code}</arg>
<arg>201</arg>
<doc>Fails if objects are unequal after converting them to strings.</doc>
<status status="PASS" start="2025-08-28T16:40:52.830758" elapsed="0.000000"/>
</kw>
<status status="PASS" start="2025-08-28T16:40:52.670877" elapsed="0.159881"/>
</kw>
<status status="PASS" start="2025-08-28T16:40:52.670877" elapsed="0.160878"/>
</test>
<status status="PASS" start="2025-08-28T16:40:50.833264" elapsed="1.999490"/>
</suite>
<statistics>
<total>
<stat pass="5" fail="0" skip="0">All Tests</stat>
</total>
<tag>
</tag>
<suite>
<stat name="Booking Tests" id="s1" pass="5" fail="0" skip="0">Booking Tests</stat>
</suite>
</statistics>
<errors>
</errors>
</robot>
